[debug] [2022-12-10T17:34:20.241Z] ----------------------------------------------------------------------
[debug] [2022-12-10T17:34:20.246Z] Command:       C:\Program Files\nodejs\node.exe C:\Users\Computer Stock\AppData\Roaming\npm\node_modules\firebase-tools\lib\bin\firebase.js init
[debug] [2022-12-10T17:34:20.247Z] CLI Version:   11.16.1
[debug] [2022-12-10T17:34:20.247Z] Platform:      win32
[debug] [2022-12-10T17:34:20.247Z] Node Version:  v18.10.0
[debug] [2022-12-10T17:34:20.249Z] Time:          Sat Dec 10 2022 23:34:20 GMT+0600 (Bangladesh Standard Time)
[debug] [2022-12-10T17:34:20.250Z] ----------------------------------------------------------------------
[debug] 
[debug] [2022-12-10T17:34:20.266Z] > command requires scopes: ["email","openid","https://www.googleapis.com/auth/cloudplatformprojects.readonly","https://www.googleapis.com/auth/firebase","https://www.googleapis.com/auth/cloud-platform"]
[debug] [2022-12-10T17:34:20.267Z] > authorizing via signed-in user (shadrinmoni15@gmail.com)
[info] 
     ######## #### ########  ######## ########     ###     ######  ########
     ##        ##  ##     ## ##       ##     ##  ##   ##  ##       ##
     ######    ##  ########  ######   ########  #########  ######  ######
     ##        ##  ##    ##  ##       ##     ## ##     ##       ## ##
     ##       #### ##     ## ######## ########  ##     ##  ######  ########

You're about to initialize a Firebase project in this directory:

  C:\programming_hero\final_project\my-portfolio

Before we get started, keep in mind:

  * You are currently outside your home directory

[info] 
=== Project Setup
[info] 
[info] First, let's associate this project directory with a Firebase project.
[info] You can create multiple project aliases by running firebase use --add, 
[info] but for now we'll just set up a default project.
[info] 
[debug] [2022-12-10T17:34:36.806Z] >>> [apiv2][query] GET https://firebase.googleapis.com/v1beta1/projects pageSize=100
[debug] [2022-12-10T17:34:37.950Z] <<< [apiv2][status] GET https://firebase.googleapis.com/v1beta1/projects 200
[debug] [2022-12-10T17:34:37.951Z] <<< [apiv2][body] GET https://firebase.googleapis.com/v1beta1/projects [omitted]
